C:\Users\AbdurrahmanD\KPI Dashboard\backend\node_modules\router\lib\route.js:228
        throw new TypeError('argument handler must be a function')
        ^

TypeError: argument handler must be a function
    at Route.<computed> [as post] (C:\Users\AbdurrahmanD\KPI Dashboard\backend\node_modules\router\lib\route.js:228:15)
    at Router.<computed> [as post] (C:\Users\AbdurrahmanD\KPI Dashboard\backend\node_modules\router\index.js:448:19)
    at Object.<anonymous> (C:\Users\AbdurrahmanD\KPI Dashboard\backend\src\routes\import.routes.js:135:8)
    at Module._compile (node:internal/modules/cjs/loader:1546:14)
    at Object..js (node:internal/modules/cjs/loader:1689:10)
    at Module.load (node:internal/modules/cjs/loader:1318:32)
    at Function._load (node:internal/modules/cjs/loader:1128:12)
    at TracingChannel.traceSync (node:diagnostics_channel:315:14)
    at wrapModuleLoad (node:internal/modules/cjs/loader:218:24)
    at Module.require (node:internal/modules/cjs/loader:1340:12)

Node.js v22.11.0
C:\Users\AbdurrahmanD\KPI Dashboard\backend\node_modules\router\lib\route.js:228
        throw new TypeError('argument handler must be a function')
        ^

TypeError: argument handler must be a function
    at Route.<computed> [as post] (C:\Users\AbdurrahmanD\KPI Dashboard\backend\node_modules\router\lib\route.js:228:15)
    at Router.<computed> [as post] (C:\Users\AbdurrahmanD\KPI Dashboard\backend\node_modules\router\index.js:448:19)
    at Object.<anonymous> (C:\Users\AbdurrahmanD\KPI Dashboard\backend\src\routes\import.routes.js:135:8)
    at Module._compile (node:internal/modules/cjs/loader:1546:14)
    at Object..js (node:internal/modules/cjs/loader:1689:10)
    at Module.load (node:internal/modules/cjs/loader:1318:32)
    at Function._load (node:internal/modules/cjs/loader:1128:12)
    at TracingChannel.traceSync (node:diagnostics_channel:315:14)
    at wrapModuleLoad (node:internal/modules/cjs/loader:218:24)
    at Module.require (node:internal/modules/cjs/loader:1340:12)

Node.js v22.11.0
C:\Users\AbdurrahmanD\KPI Dashboard\backend\node_modules\router\lib\route.js:228
        throw new TypeError('argument handler must be a function')
        ^

TypeError: argument handler must be a function
    at Route.<computed> [as post] (C:\Users\AbdurrahmanD\KPI Dashboard\backend\node_modules\router\lib\route.js:228:15)
    at Router.<computed> [as post] (C:\Users\AbdurrahmanD\KPI Dashboard\backend\node_modules\router\index.js:448:19)
    at Object.<anonymous> (C:\Users\AbdurrahmanD\KPI Dashboard\backend\src\routes\import.routes.js:135:8)
    at Module._compile (node:internal/modules/cjs/loader:1546:14)
    at Object..js (node:internal/modules/cjs/loader:1689:10)
    at Module.load (node:internal/modules/cjs/loader:1318:32)
    at Function._load (node:internal/modules/cjs/loader:1128:12)
    at TracingChannel.traceSync (node:diagnostics_channel:315:14)
    at wrapModuleLoad (node:internal/modules/cjs/loader:218:24)
    at Module.require (node:internal/modules/cjs/loader:1340:12)

Node.js v22.11.0
